Using pre-set license
Built from '2020.3/staging' branch; Version is '2020.3.0f1 (c7b5465681fb) revision 13088070'; Using compiler version '192528614'; Build Type 'Release'
OS: 'Windows 8.1  (6.3.0) 64bit' Language: 'pt' Physical Memory: 6061 MB
BatchMode: 1, IsHumanControllingUs: 0, StartBugReporterOnCrash: 0, Is64bit: 1, IsPro: 0

 COMMAND LINE ARGUMENTS:
C:\Program Files\Unity\Editor\Unity.exe
-adb2
-batchMode
-noUpm
-name
AssetImportWorker1
-projectPath
D:/projeto jogo/jogo de lutinha
-logFile
Logs/AssetImportWorker1.log
-srvPort
61221
Successfully changed project path to: D:/projeto jogo/jogo de lutinha
D:/projeto jogo/jogo de lutinha
Using Asset Import Pipeline V2.
Refreshing native plugins compatible for Editor in 73.55 ms, found 1 plugins.
Preloading 0 native plugins for Editor in 0.00 ms.
Initialize engine version: 2020.3.0f1 (c7b5465681fb)
[Subsystems] Discovering subsystems at path C:/Program Files/Unity/Editor/Data/Resources/UnitySubsystems
[Subsystems] Discovering subsystems at path D:/projeto jogo/jogo de lutinha/Assets
GfxDevice: creating device client; threaded=0
d3d11: QueryInterface(IDXGIFactory5) failed (80004002).
Direct3D:
    Version:  Direct3D 11.0 [level 10.0]
    Renderer: NVIDIA GeForce 9400 GT  (ID=0x641)
    Vendor:   
    VRAM:     2001 MB
    Driver:   21.21.13.4201
Could not load symbol clCreateImage : Não foi possível encontrar o procedimento especificado.


Could not load symbol clEnqueueFillBuffer : Não foi possível encontrar o procedimento especificado.


Could not load symbol clEnqueueFillImage : Não foi possível encontrar o procedimento especificado.


Could not load symbol clEnqueueMarkerWithWaitList : Não foi possível encontrar o procedimento especificado.


Could not load symbol clGetExtensionFunctionAddressForPlatform : Não foi possível encontrar o procedimento especificado.


Could not load symbol clUnloadPlatformCompiler : Não foi possível encontrar o procedimento especificado.


Could not load symbol clCreateFromGLTexture : Não foi possível encontrar o procedimento especificado.


Initialize mono
Mono path[0] = 'C:/Program Files/Unity/Editor/Data/Managed'
Mono path[1] = 'C:/Program Files/Unity/Editor/Data/MonoBleedingEdge/lib/mono/unityjit'
Mono config path = 'C:/Program Files/Unity/Editor/Data/MonoBleedingEdge/etc'
Using monoOptions --debugger-agent=transport=dt_socket,embedding=1,server=y,suspend=n,address=127.0.0.1:56060
Begin MonoManager ReloadAssembly
Registering precompiled unity dll's ...
Register platform support module: C:/Program Files/Unity/Editor/Data/PlaybackEngines/WebGLSupport/UnityEditor.WebGL.Extensions.dll
Register platform support module: C:/Program Files/Unity/Editor/Data/PlaybackEngines/WindowsStandaloneSupport/UnityEditor.WindowsStandalone.Extensions.dll
Registered in 0.055037 seconds.
Native extension for WindowsStandalone target not found
Native extension for WebGL target not found
Refreshing native plugins compatible for Editor in 78.04 ms, found 1 plugins.
Preloading 0 native plugins for Editor in 0.00 ms.
Invoked RoslynAnalysisRunner static constructor.
RoslynAnalysisRunner will not be running.
RoslynAnalysisRunner has terminated.
Mono: successfully reloaded assembly
- Completed reload, in  9.804 seconds
Platform modules already initialized, skipping
Registering precompiled user dll's ...
Registered in 0.008378 seconds.
